#
# There is insufficient memory for the Java Runtime Environment to continue.
# Native memory allocation (mmap) failed to map 234881024 bytes for G1 virtual space
# Possible reasons:
#   The system is out of physical RAM or swap space
#   The process is running with CompressedOops enabled, and the Java Heap may be blocking the growth of the native heap
# Possible solutions:
#   Reduce memory load on the system
#   Increase physical memory or swap space
#   Check if swap backing store is full
#   Decrease Java heap size (-Xmx/-Xms)
#   Decrease number of Java threads
#   Decrease Java thread stack sizes (-Xss)
#   Set larger code cache with -XX:ReservedCodeCacheSize=
#   JVM is running with Zero Based Compressed Oops mode in which the Java heap is
#     placed in the first 32GB address space. The Java Heap base address is the
#     maximum limit for the native heap growth. Please use -XX:HeapBaseMinAddress
#     to set the Java Heap base and to place the Java Heap above 32GB virtual address.
# This output file may be truncated or incomplete.
#
#  Out of Memory Error (os_windows.cpp:3550), pid=12104, tid=7652
#
# JRE version:  (17.0.8+9) (build )
# Java VM: Java HotSpot(TM) 64-Bit Server VM (17.0.8+9-LTS-211, mixed mode, sharing, tiered, compressed oops, compressed class ptrs, g1 gc, windows-amd64)
# No core dump will be written. Minidumps are not enabled by default on client versions of Windows
#

---------------  S U M M A R Y ------------

Command Line: -Dorg.gradle.appname=gradlew org.gradle.wrapper.GradleWrapperMain -q -Ptarget-platform=android-arm64 -Ptarget=E:\fullter\demo\lib\main.dart -Pbase-application-name=android.app.Application -Pdart-defines=Zmx1dHRlci5pbnNwZWN0b3Iuc3RydWN0dXJlZEVycm9ycz10cnVl,RkxVVFRFUl9XRUJfQVVUT19ERVRFQ1Q9dHJ1ZQ==,RkxVVFRFUl9XRUJfQ0FOVkFTS0lUX1VSTD1odHRwczovL3d3dy5nc3RhdGljLmNvbS9mbHV0dGVyLWNhbnZhc2tpdC9jZGJlZGE3ODhhMjkzZmEyOTY2NWRjM2ZhM2Q2ZTYzYmQyMjFjYjBkLw== -Pdart-obfuscation=false -Ptrack-widget-creation=true -Ptree-shake-icons=false -Pfilesystem-scheme=org-dartlang-root assembleDebug

Host: AMD Ryzen 5 3400G with Radeon Vega Graphics    , 8 cores, 13G,  Windows 11 , 64 bit Build 22621 (10.0.22621.2070)
Time: Thu Sep  7 11:29:55 2023 SE Asia Standard Time elapsed time: 0.027361 seconds (0d 0h 0m 0s)

---------------  T H R E A D  ---------------

Current thread (0x00000201f5fada70):  JavaThread "Unknown thread" [_thread_in_vm, id=7652, stack(0x0000003381200000,0x0000003381300000)]

Stack: [0x0000003381200000,0x0000003381300000]
Native frames: (J=compiled Java code, j=interpreted, Vv=VM code, C=native code)
V  [jvm.dll+0x677d0a]
V  [jvm.dll+0x7d8c54]
V  [jvm.dll+0x7da3fe]
V  [jvm.dll+0x7daa63]
V  [jvm.dll+0x245c5f]
V  [jvm.dll+0x674bb9]
V  [jvm.dll+0x6694f2]
V  [jvm.dll+0x3031d6]
V  [jvm.dll+0x30a756]
V  [jvm.dll+0x359f9e]
V  [jvm.dll+0x35a1cf]
V  [jvm.dll+0x2da3e8]
V  [jvm.dll+0x2db354]
V  [jvm.dll+0x7aa711]
V  [jvm.dll+0x367b51]
V  [jvm.dll+0x789979]
V  [jvm.dll+0x3eb05f]
V  [jvm.dll+0x3ecae1]
C  [jli.dll+0x5297]
C  [ucrtbase.dll+0x29363]
C  [KERNEL32.DLL+0x126ad]
C  [ntdll.dll+0x5aa68]


---------------  P R O C E S S  ---------------

Threads class SMR info:
_java_thread_list=0x00007ffbb07a59d8, length=0, elements={
}

Java Threads: ( => current thread )

Other Threads:
  0x00000201f6012550 GCTaskThread "GC Thread#0" [stack: 0x0000003381300000,0x0000003381400000] [id=14112]
  0x00000201f6021270 ConcurrentGCThread "G1 Main Marker" [stack: 0x0000003381400000,0x0000003381500000] [id=7284]
  0x00000201f6021b90 ConcurrentGCThread "G1 Conc#0" [stack: 0x0000003381500000,0x0000003381600000] [id=11840]

[error occurred during error reporting (printing all threads), id 0xc0000005, EXCEPTION_ACCESS_VIOLATION (0xc0000005) at pc=0x00007ffbaffdb047]

VM state: not at safepoint (not fully initialized)

VM Mutex/Monitor currently owned by a thread:  ([mutex/lock_event])
[0x00000201f5fa9180] Heap_lock - owner thread: 0x00000201f5fada70

Heap address: 0x0000000721200000, size: 3566 MB, Compressed Oops mode: Zero based, Oop shift amount: 3

CDS archive(s) mapped at: [0x0000000000000000-0x0000000000000000-0x0000000000000000), size 0, SharedBaseAddress: 0x0000000800000000, ArchiveRelocationMode: 1.
Narrow klass base: 0x0000000000000000, Narrow klass shift: 0, Narrow klass range: 0x0

GC Precious Log:
<Empty>

Heap:
 garbage-first heap   total 0K, used 0K [0x0000000721200000, 0x0000000800000000)
  region size 2048K, 0 young (0K), 0 survivors (0K)

[error occurred during error reporting (printing heap information), id 0xc0000005, EXCEPTION_ACCESS_VIOLATION (0xc0000005) at pc=0x00007ffbb03c1499]

GC Heap History (0 events):
No events

Deoptimization events (0 events):
No events

Classes unloaded (0 events):
No events

Classes redefined (0 events):
No events

Internal exceptions (0 events):
No events

VM Operations (0 events):
No events

Events (1 events):
Event: 0.017 Loaded shared library C:\Program Files\Java\jdk-17\bin\java.dll


Dynamic libraries:
0x00007ff7f6f10000 - 0x00007ff7f6f20000 	C:\Program Files\Java\jdk-17\bin\java.exe
0x00007ffbf6750000 - 0x00007ffbf6964000 	C:\WINDOWS\SYSTEM32\ntdll.dll
0x00007ffbf5470000 - 0x00007ffbf5534000 	C:\WINDOWS\System32\KERNEL32.DLL
0x00007ffbf4160000 - 0x00007ffbf4504000 	C:\WINDOWS\System32\KERNELBASE.dll
0x00007ffbda310000 - 0x00007ffbda329000 	C:\Program Files\Java\jdk-17\bin\jli.dll
0x00007ffbf5810000 - 0x00007ffbf58c0000 	C:\WINDOWS\System32\ADVAPI32.dll
0x00007ffbf5230000 - 0x00007ffbf52d7000 	C:\WINDOWS\System32\msvcrt.dll
0x00007ffbf5760000 - 0x00007ffbf5806000 	C:\WINDOWS\System32\sechost.dll
0x00007ffbda2f0000 - 0x00007ffbda30b000 	C:\Program Files\Java\jdk-17\bin\VCRUNTIME140.dll
0x00007ffbf52e0000 - 0x00007ffbf53f7000 	C:\WINDOWS\System32\RPCRT4.dll
0x00007ffbf3d20000 - 0x00007ffbf3e31000 	C:\WINDOWS\System32\ucrtbase.dll
0x00007ffbf4750000 - 0x00007ffbf48fa000 	C:\WINDOWS\System32\USER32.dll
0x00007ffbe3180000 - 0x00007ffbe340f000 	C:\WINDOWS\WinSxS\amd64_microsoft.windows.common-controls_6595b64144ccf1df_6.0.22621.2070_none_2713e6537381f706\COMCTL32.dll
0x00007ffbf3eb0000 - 0x00007ffbf3ed6000 	C:\WINDOWS\System32\win32u.dll
0x00007ffbf5150000 - 0x00007ffbf5179000 	C:\WINDOWS\System32\GDI32.dll
0x00007ffbf4040000 - 0x00007ffbf4159000 	C:\WINDOWS\System32\gdi32full.dll
0x00007ffbf1760000 - 0x00007ffbf176a000 	C:\WINDOWS\SYSTEM32\VERSION.dll
0x00007ffbf3fa0000 - 0x00007ffbf403a000 	C:\WINDOWS\System32\msvcp_win.dll
0x00007ffbf5640000 - 0x00007ffbf5671000 	C:\WINDOWS\System32\IMM32.DLL
0x00007ffbdca50000 - 0x00007ffbdca5c000 	C:\Program Files\Java\jdk-17\bin\vcruntime140_1.dll
0x00007ffbd4d60000 - 0x00007ffbd4dee000 	C:\Program Files\Java\jdk-17\bin\msvcp140.dll
0x00007ffbafcf0000 - 0x00007ffbb08ce000 	C:\Program Files\Java\jdk-17\bin\server\jvm.dll
0x00007ffbf4f90000 - 0x00007ffbf4f98000 	C:\WINDOWS\System32\PSAPI.DLL
0x00007ffbea6e0000 - 0x00007ffbea714000 	C:\WINDOWS\SYSTEM32\WINMM.dll
0x00007ffbef0f0000 - 0x00007ffbef0f9000 	C:\WINDOWS\SYSTEM32\WSOCK32.dll
0x00007ffbf45e0000 - 0x00007ffbf4651000 	C:\WINDOWS\System32\WS2_32.dll
0x00007ffbf2b20000 - 0x00007ffbf2b38000 	C:\WINDOWS\SYSTEM32\kernel.appcore.dll
0x00007ffbdc670000 - 0x00007ffbdc67a000 	C:\Program Files\Java\jdk-17\bin\jimage.dll
0x00007ffbe7890000 - 0x00007ffbe7abe000 	C:\WINDOWS\SYSTEM32\DBGHELP.DLL
0x00007ffbf6250000 - 0x00007ffbf65da000 	C:\WINDOWS\System32\combase.dll
0x00007ffbf4670000 - 0x00007ffbf4747000 	C:\WINDOWS\System32\OLEAUT32.dll
0x00007ffbdf900000 - 0x00007ffbdf932000 	C:\WINDOWS\SYSTEM32\dbgcore.DLL
0x00007ffbf3b30000 - 0x00007ffbf3baa000 	C:\WINDOWS\System32\bcryptPrimitives.dll
0x00007ffbd9630000 - 0x00007ffbd9655000 	C:\Program Files\Java\jdk-17\bin\java.dll

dbghelp: loaded successfully - version: 4.0.5 - missing functions: none
symbol engine: initialized successfully - sym options: 0x614 - pdb path: .;C:\Program Files\Java\jdk-17\bin;C:\WINDOWS\SYSTEM32;C:\WINDOWS\WinSxS\amd64_microsoft.windows.common-controls_6595b64144ccf1df_6.0.22621.2070_none_2713e6537381f706;C:\Program Files\Java\jdk-17\bin\server

VM Arguments:
jvm_args: -Dorg.gradle.appname=gradlew 
java_command: org.gradle.wrapper.GradleWrapperMain -q -Ptarget-platform=android-arm64 -Ptarget=E:\fullter\demo\lib\main.dart -Pbase-application-name=android.app.Application -Pdart-defines=Zmx1dHRlci5pbnNwZWN0b3Iuc3RydWN0dXJlZEVycm9ycz10cnVl,RkxVVFRFUl9XRUJfQVVUT19ERVRFQ1Q9dHJ1ZQ==,RkxVVFRFUl9XRUJfQ0FOVkFTS0lUX1VSTD1odHRwczovL3d3dy5nc3RhdGljLmNvbS9mbHV0dGVyLWNhbnZhc2tpdC9jZGJlZGE3ODhhMjkzZmEyOTY2NWRjM2ZhM2Q2ZTYzYmQyMjFjYjBkLw== -Pdart-obfuscation=false -Ptrack-widget-creation=true -Ptree-shake-icons=false -Pfilesystem-scheme=org-dartlang-root assembleDebug
java_class_path (initial): E:\fullter\demo\android\\gradle\wrapper\gradle-wrapper.jar
Launcher Type: SUN_STANDARD

[Global flags]
     intx CICompilerCount                          = 4                                         {product} {ergonomic}
     uint ConcGCThreads                            = 2                                         {product} {ergonomic}
     uint G1ConcRefinementThreads                  = 8                                         {product} {ergonomic}
   size_t G1HeapRegionSize                         = 2097152                                   {product} {ergonomic}
    uintx GCDrainStackTargetSize                   = 64                                        {product} {ergonomic}
   size_t InitialHeapSize                          = 234881024                                 {product} {ergonomic}
   size_t MarkStackSize                            = 4194304                                   {product} {ergonomic}
   size_t MaxHeapSize                              = 3739222016                                {product} {ergonomic}
   size_t MinHeapDeltaBytes                        = 2097152                                   {product} {ergonomic}
   size_t MinHeapSize                              = 8388608                                   {product} {ergonomic}
    uintx NonNMethodCodeHeapSize                   = 5839372                                {pd product} {ergonomic}
    uintx NonProfiledCodeHeapSize                  = 122909434                              {pd product} {ergonomic}
    uintx ProfiledCodeHeapSize                     = 122909434                              {pd product} {ergonomic}
    uintx ReservedCodeCacheSize                    = 251658240                              {pd product} {ergonomic}
     bool SegmentedCodeCache                       = true                                      {product} {ergonomic}
   size_t SoftMaxHeapSize                          = 3739222016                             {manageable} {ergonomic}
     bool UseCompressedClassPointers               = true                           {product lp64_product} {ergonomic}
     bool UseCompressedOops                        = true                           {product lp64_product} {ergonomic}
     bool UseG1GC                                  = true                                      {product} {ergonomic}
     bool UseLargePagesIndividualAllocation        = false                                  {pd product} {ergonomic}

Logging:
Log output configuration:
 #0: stdout all=warning uptime,level,tags
 #1: stderr all=off uptime,level,tags

Environment Variables:
JAVA_HOME=C:\Program Files\Java\jdk-17
CLASSPATH=E:\fullter\demo\android\\gradle\wrapper\gradle-wrapper.jar
PATH=C:\WINDOWS\system32;C:\WINDOWS;C:\WINDOWS\System32\Wbem;C:\WINDOWS\System32\WindowsPowerShell\v1.0\;C:\WINDOWS\System32\OpenSSH\;C:\Program Files\dotnet\;C:\Program Files (x86)\Microsoft SQL Server\160\DTS\Binn\;C:\Program Files\Azure Data Studio\bin;C:\Program Files (x86)\Microsoft SQL Server\160\Tools\Binn\;C:\Program Files\Microsoft SQL Server\160\Tools\Binn\;C:\Program Files\Microsoft SQL Server\Client SDK\ODBC\170\Tools\Binn\;C:\Program Files\Microsoft SQL Server\160\DTS\Binn\;E:\Program Files\Git\cmd;C:\Program Files\Microsoft SQL Server\150\Tools\Binn\;C:\Program Files\nodejs\;C:\Program Files\Java\jdk-17\bin;C:\Users\levie\AppData\Local\Microsoft\WindowsApps;C:\Users\levie\.dotnet\tools;C:\Program Files\Azure Data Studio\bin;C:\Users\levie\AppData\Local\Programs\Microsoft VS Code\bin;C:\Users\levie\AppData\Roaming\npm;C:\flutter\bin;;E:\Program Files\JetBrains\IntelliJ IDEA 2023.2\bin;;C:\flutter\bin\mingit\cmd
USERNAME=Kashi
OS=Windows_NT
PROCESSOR_IDENTIFIER=AMD64 Family 23 Model 24 Stepping 1, AuthenticAMD



---------------  S Y S T E M  ---------------

OS:
 Windows 11 , 64 bit Build 22621 (10.0.22621.2070)
OS uptime: 8 days 14:58 hours

CPU: total 8 (initial active 8) (8 cores per cpu, 2 threads per core) family 23 model 24 stepping 1 microcode 0x0, cx8, cmov, fxsr, ht, mmx, 3dnowpref, sse, sse2, sse3, ssse3, sse4a, sse4.1, sse4.2, popcnt, lzcnt, tsc, tscinvbit, avx, avx2, aes, clmul, bmi1, bmi2, adx, sha, fma, vzeroupper, clflush, clflushopt

Memory: 4k page, system-wide physical 14261M (448M free)
TotalPageFile size 20405M (AvailPageFile size 119M)
current process WorkingSet (physical memory assigned to process): 11M, peak: 11M
current process commit charge ("private bytes"): 60M, peak: 284M

vm_info: Java HotSpot(TM) 64-Bit Server VM (17.0.8+9-LTS-211) for windows-amd64 JRE (17.0.8+9-LTS-211), built on Jun 14 2023 10:34:31 by "mach5one" with MS VC++ 17.1 (VS2022)

END.
