#
# There is insufficient memory for the Java Runtime Environment to continue.
# Native memory allocation (mmap) failed to map 234881024 bytes for G1 virtual space
# Possible reasons:
#   The system is out of physical RAM or swap space
#   The process is running with CompressedOops enabled, and the Java Heap may be blocking the growth of the native heap
# Possible solutions:
#   Reduce memory load on the system
#   Increase physical memory or swap space
#   Check if swap backing store is full
#   Decrease Java heap size (-Xmx/-Xms)
#   Decrease number of Java threads
#   Decrease Java thread stack sizes (-Xss)
#   Set larger code cache with -XX:ReservedCodeCacheSize=
#   JVM is running with Zero Based Compressed Oops mode in which the Java heap is
#     placed in the first 32GB address space. The Java Heap base address is the
#     maximum limit for the native heap growth. Please use -XX:HeapBaseMinAddress
#     to set the Java Heap base and to place the Java Heap above 32GB virtual address.
# This output file may be truncated or incomplete.
#
#  Out of Memory Error (os_windows.cpp:3769), pid=7416, tid=19816
#
# JRE version:  (17.0.6) (build )
# Java VM: OpenJDK 64-Bit Server VM (17.0.6+0-b2043.56-10027231, mixed mode, sharing, tiered, compressed oops, compressed class ptrs, g1 gc, windows-amd64)
# No core dump will be written. Minidumps are not enabled by default on client versions of Windows
#

---------------  S U M M A R Y ------------

Command Line: 

Host: AMD Ryzen 5 3400G with Radeon Vega Graphics    , 8 cores, 13G,  Windows 11 , 64 bit Build 22621 (10.0.22621.2070)
Time: Thu Sep  7 11:29:54 2023 SE Asia Standard Time elapsed time: 0.022297 seconds (0d 0h 0m 0s)

---------------  T H R E A D  ---------------

Current thread (0x000001eb69cd5450):  JavaThread "Unknown thread" [_thread_in_vm, id=19816, stack(0x000000c1cc100000,0x000000c1cc200000)]

Stack: [0x000000c1cc100000,0x000000c1cc200000]
Native frames: (J=compiled Java code, j=interpreted, Vv=VM code, C=native code)
V  [jvm.dll+0x683c9a]
V  [jvm.dll+0x8427a4]
V  [jvm.dll+0x843f9e]
V  [jvm.dll+0x844603]
V  [jvm.dll+0x249b75]
V  [jvm.dll+0x680b69]
V  [jvm.dll+0x67505a]
V  [jvm.dll+0x309acb]
V  [jvm.dll+0x310f86]
V  [jvm.dll+0x3608ee]
V  [jvm.dll+0x360b1f]
V  [jvm.dll+0x2dfbf8]
V  [jvm.dll+0x2e0b64]
V  [jvm.dll+0x814091]
V  [jvm.dll+0x36e6a1]
V  [jvm.dll+0x7f35cc]
V  [jvm.dll+0x3f0e8f]
V  [jvm.dll+0x3f29d1]
C  [jli.dll+0x526b]
C  [ucrtbase.dll+0x29363]
C  [KERNEL32.DLL+0x126ad]
C  [ntdll.dll+0x5aa68]


---------------  P R O C E S S  ---------------

Threads class SMR info:
_java_thread_list=0x00007ffbb415c058, length=0, elements={
}

Java Threads: ( => current thread )

Other Threads:
  0x000001eb69d397f0 GCTaskThread "GC Thread#0" [stack: 0x000000c1cc200000,0x000000c1cc300000] [id=17844]
  0x000001eb69d48600 ConcurrentGCThread "G1 Main Marker" [stack: 0x000000c1cc300000,0x000000c1cc400000] [id=9300]
  0x000001eb69d49010 ConcurrentGCThread "G1 Conc#0" [stack: 0x000000c1cc400000,0x000000c1cc500000] [id=20244]

[error occurred during error reporting (printing all threads), id 0xc0000005, EXCEPTION_ACCESS_VIOLATION (0xc0000005) at pc=0x00007ffbb3910797]

VM state: not at safepoint (not fully initialized)

VM Mutex/Monitor currently owned by a thread:  ([mutex/lock_event])
[0x000001eb69cd1e70] Heap_lock - owner thread: 0x000001eb69cd5450

Heap address: 0x0000000721200000, size: 3566 MB, Compressed Oops mode: Zero based, Oop shift amount: 3

CDS archive(s) mapped at: [0x0000000000000000-0x0000000000000000-0x0000000000000000), size 0, SharedBaseAddress: 0x0000000800000000, ArchiveRelocationMode: 0.
Narrow klass base: 0x0000000000000000, Narrow klass shift: 0, Narrow klass range: 0x0

GC Precious Log:
<Empty>

Heap:
 garbage-first heap   total 0K, used 0K [0x0000000721200000, 0x0000000800000000)
  region size 2048K, 0 young (0K), 0 survivors (0K)

[error occurred during error reporting (printing heap information), id 0xc0000005, EXCEPTION_ACCESS_VIOLATION (0xc0000005) at pc=0x00007ffbb3cfda89]

GC Heap History (0 events):
No events

Dll operation events (1 events):
Event: 0.015 Loaded shared library C:\Program Files\Android\Android Studio\jbr\bin\java.dll

Deoptimization events (0 events):
No events

Classes unloaded (0 events):
No events

Classes redefined (0 events):
No events

Internal exceptions (0 events):
No events

VM Operations (0 events):
No events

Events (0 events):
No events


Dynamic libraries:
0x00007ff676bb0000 - 0x00007ff676bba000 	C:\Program Files\Android\Android Studio\jbr\bin\java.EXE
0x00007ffbf6750000 - 0x00007ffbf6964000 	C:\WINDOWS\SYSTEM32\ntdll.dll
0x00007ffbf5470000 - 0x00007ffbf5534000 	C:\WINDOWS\System32\KERNEL32.DLL
0x00007ffbf4160000 - 0x00007ffbf4504000 	C:\WINDOWS\System32\KERNELBASE.dll
0x00007ffbf3d20000 - 0x00007ffbf3e31000 	C:\WINDOWS\System32\ucrtbase.dll
0x00007ffbe2e80000 - 0x00007ffbe2e97000 	C:\Program Files\Android\Android Studio\jbr\bin\jli.dll
0x00007ffbf4750000 - 0x00007ffbf48fa000 	C:\WINDOWS\System32\USER32.dll
0x00007ffbf3eb0000 - 0x00007ffbf3ed6000 	C:\WINDOWS\System32\win32u.dll
0x00007ffbf5150000 - 0x00007ffbf5179000 	C:\WINDOWS\System32\GDI32.dll
0x00007ffbda310000 - 0x00007ffbda32b000 	C:\Program Files\Android\Android Studio\jbr\bin\VCRUNTIME140.dll
0x00007ffbf4040000 - 0x00007ffbf4159000 	C:\WINDOWS\System32\gdi32full.dll
0x00007ffbf3fa0000 - 0x00007ffbf403a000 	C:\WINDOWS\System32\msvcp_win.dll
0x00007ffbe3180000 - 0x00007ffbe340f000 	C:\WINDOWS\WinSxS\amd64_microsoft.windows.common-controls_6595b64144ccf1df_6.0.22621.2070_none_2713e6537381f706\COMCTL32.dll
0x00007ffbf5230000 - 0x00007ffbf52d7000 	C:\WINDOWS\System32\msvcrt.dll
0x00007ffbf5640000 - 0x00007ffbf5671000 	C:\WINDOWS\System32\IMM32.DLL
0x00007ffbdca50000 - 0x00007ffbdca5c000 	C:\Program Files\Android\Android Studio\jbr\bin\vcruntime140_1.dll
0x00007ffbd4d60000 - 0x00007ffbd4ded000 	C:\Program Files\Android\Android Studio\jbr\bin\msvcp140.dll
0x00007ffbb3620000 - 0x00007ffbb428e000 	C:\Program Files\Android\Android Studio\jbr\bin\server\jvm.dll
0x00007ffbf5810000 - 0x00007ffbf58c0000 	C:\WINDOWS\System32\ADVAPI32.dll
0x00007ffbf5760000 - 0x00007ffbf5806000 	C:\WINDOWS\System32\sechost.dll
0x00007ffbf52e0000 - 0x00007ffbf53f7000 	C:\WINDOWS\System32\RPCRT4.dll
0x00007ffbea6e0000 - 0x00007ffbea714000 	C:\WINDOWS\SYSTEM32\WINMM.dll
0x00007ffbef0f0000 - 0x00007ffbef0f9000 	C:\WINDOWS\SYSTEM32\WSOCK32.dll
0x00007ffbf45e0000 - 0x00007ffbf4651000 	C:\WINDOWS\System32\WS2_32.dll
0x00007ffbf1760000 - 0x00007ffbf176a000 	C:\WINDOWS\SYSTEM32\VERSION.dll
0x00007ffbf2b20000 - 0x00007ffbf2b38000 	C:\WINDOWS\SYSTEM32\kernel.appcore.dll
0x00007ffbe6fc0000 - 0x00007ffbe6fca000 	C:\Program Files\Android\Android Studio\jbr\bin\jimage.dll
0x00007ffbe7890000 - 0x00007ffbe7abe000 	C:\WINDOWS\SYSTEM32\DBGHELP.DLL
0x00007ffbf6250000 - 0x00007ffbf65da000 	C:\WINDOWS\System32\combase.dll
0x00007ffbf4670000 - 0x00007ffbf4747000 	C:\WINDOWS\System32\OLEAUT32.dll
0x00007ffbdf900000 - 0x00007ffbdf932000 	C:\WINDOWS\SYSTEM32\dbgcore.DLL
0x00007ffbf3b30000 - 0x00007ffbf3baa000 	C:\WINDOWS\System32\bcryptPrimitives.dll
0x00007ffbe5460000 - 0x00007ffbe5485000 	C:\Program Files\Android\Android Studio\jbr\bin\java.dll

dbghelp: loaded successfully - version: 4.0.5 - missing functions: none
symbol engine: initialized successfully - sym options: 0x614 - pdb path: .;C:\Program Files\Android\Android Studio\jbr\bin;C:\WINDOWS\SYSTEM32;C:\WINDOWS\WinSxS\amd64_microsoft.windows.common-controls_6595b64144ccf1df_6.0.22621.2070_none_2713e6537381f706;C:\Program Files\Android\Android Studio\jbr\bin\server

VM Arguments:
java_command: <unknown>
java_class_path (initial): <not set>
Launcher Type: SUN_STANDARD

[Global flags]
     intx CICompilerCount                          = 4                                         {product} {ergonomic}
     uint ConcGCThreads                            = 2                                         {product} {ergonomic}
     uint G1ConcRefinementThreads                  = 8                                         {product} {ergonomic}
   size_t G1HeapRegionSize                         = 2097152                                   {product} {ergonomic}
    uintx GCDrainStackTargetSize                   = 64                                        {product} {ergonomic}
   size_t InitialHeapSize                          = 234881024                                 {product} {ergonomic}
   size_t MarkStackSize                            = 4194304                                   {product} {ergonomic}
   size_t MaxHeapSize                              = 3739222016                                {product} {ergonomic}
   size_t MinHeapDeltaBytes                        = 2097152                                   {product} {ergonomic}
   size_t MinHeapSize                              = 8388608                                   {product} {ergonomic}
    uintx NonNMethodCodeHeapSize                   = 5839372                                {pd product} {ergonomic}
    uintx NonProfiledCodeHeapSize                  = 122909434                              {pd product} {ergonomic}
    uintx ProfiledCodeHeapSize                     = 122909434                              {pd product} {ergonomic}
    uintx ReservedCodeCacheSize                    = 251658240                              {pd product} {ergonomic}
     bool SegmentedCodeCache                       = true                                      {product} {ergonomic}
   size_t SoftMaxHeapSize                          = 3739222016                             {manageable} {ergonomic}
     bool UseCompressedClassPointers               = true                           {product lp64_product} {ergonomic}
     bool UseCompressedOops                        = true                           {product lp64_product} {ergonomic}
     bool UseG1GC                                  = true                                      {product} {ergonomic}
     bool UseLargePagesIndividualAllocation        = false                                  {pd product} {ergonomic}

Logging:
Log output configuration:
 #0: stdout all=warning uptime,level,tags
 #1: stderr all=off uptime,level,tags

Environment Variables:
JAVA_HOME=C:\Program Files\Java\jdk-17
PATH=C:\WINDOWS\system32;C:\WINDOWS;C:\WINDOWS\System32\Wbem;C:\WINDOWS\System32\WindowsPowerShell\v1.0\;C:\WINDOWS\System32\OpenSSH\;C:\Program Files\dotnet\;C:\Program Files (x86)\Microsoft SQL Server\160\DTS\Binn\;C:\Program Files\Azure Data Studio\bin;C:\Program Files (x86)\Microsoft SQL Server\160\Tools\Binn\;C:\Program Files\Microsoft SQL Server\160\Tools\Binn\;C:\Program Files\Microsoft SQL Server\Client SDK\ODBC\170\Tools\Binn\;C:\Program Files\Microsoft SQL Server\160\DTS\Binn\;E:\Program Files\Git\cmd;C:\Program Files\Microsoft SQL Server\150\Tools\Binn\;C:\Program Files\nodejs\;C:\Program Files\Java\jdk-17\bin;C:\Users\levie\AppData\Local\Microsoft\WindowsApps;C:\Users\levie\.dotnet\tools;C:\Program Files\Azure Data Studio\bin;C:\Users\levie\AppData\Local\Programs\Microsoft VS Code\bin;C:\Users\levie\AppData\Roaming\npm;C:\flutter\bin;;E:\Program Files\JetBrains\IntelliJ IDEA 2023.2\bin;;C:\flutter\bin\mingit\cmd
USERNAME=Kashi
OS=Windows_NT
PROCESSOR_IDENTIFIER=AMD64 Family 23 Model 24 Stepping 1, AuthenticAMD
TMP=C:\Users\levie\AppData\Local\Temp
TEMP=C:\Users\levie\AppData\Local\Temp


JNI global refs:

[error occurred during error reporting (JNI global references), id 0xc0000005, EXCEPTION_ACCESS_VIOLATION (0xc0000005) at pc=0x00007ffbb36d7a10]


---------------  S Y S T E M  ---------------

OS:
 Windows 11 , 64 bit Build 22621 (10.0.22621.2070)
OS uptime: 8 days 14:58 hours

CPU: total 8 (initial active 8) (8 cores per cpu, 2 threads per core) family 23 model 24 stepping 1 microcode 0x0, cx8, cmov, fxsr, ht, mmx, 3dnowpref, sse, sse2, sse3, ssse3, sse4a, sse4.1, sse4.2, popcnt, lzcnt, tsc, tscinvbit, avx, avx2, aes, clmul, bmi1, bmi2, adx, sha, fma, vzeroupper, clflush, clflushopt

Memory: 4k page, system-wide physical 14261M (473M free)
TotalPageFile size 20405M (AvailPageFile size 32M)
current process WorkingSet (physical memory assigned to process): 11M, peak: 11M
current process commit charge ("private bytes"): 60M, peak: 284M

vm_info: OpenJDK 64-Bit Server VM (17.0.6+0-b2043.56-10027231) for windows-amd64 JRE (17.0.6+0-b2043.56-10027231), built on Apr 28 2023 00:43:19 by "androidbuild" with MS VC++ 16.10 / 16.11 (VS2019)

END.
